{"config":{"lang":["es"],"separator":"[\\s\\-]+","pipeline":["stopWordFilter"],"fields":{"title":{"boost":1000.0},"text":{"boost":1.0},"tags":{"boost":1000000.0}}},"docs":[{"location":"","title":"\u00cdndice","text":"<ol> <li> <p>Elementos de Python: Documentaci\u00f3n del programa</p> </li> <li> <p>Ejecuci\u00f3n y Depuraci\u00f3n: Ejecuci\u00f3n del programa</p> </li> <li> <p>Pruebas: Pruebas unitarias y correcci\u00f3n del c\u00f3digo de la aplicaci\u00f3n </p> </li> <li> <p>Ejecuci\u00f3n en Sandbox: Ejecuci\u00f3n de la aplicaci\u00f3n en un entorno controlado </p> </li> <li> <p>Reflexi\u00f3n: Reflexi\u00f3n sobre comparaci\u00f3n de la infraestructura de seguridad de los lenguajes </p> </li> </ol> <p>Esta documentaci\u00f3n recoge todas las operaciones realizadas durante el desarrollo de la tarea de la Unidad 1 del m\u00f3dulo Puesta en Producci\u00f3n Segura (PPS).</p>"},{"location":"#contenido-de-la-documentacion","title":"Contenido de la documentaci\u00f3n","text":"Archivo Descripci\u00f3n <code>documentacion.md</code> Comentarios en el c\u00f3digo y creaci\u00f3n notebook. <code>ejecucion.md</code> Ejecuci\u00f3n del c\u00f3digo y errores. <code>tests.md</code> Creaci\u00f3n de pruebas y correci\u00f3n del c\u00f3digo de la aplicaci\u00f3n. <code>sandbox.md</code> Ejecuci\u00f3n en un entorno controlado de la aplicaci\u00f3n. <code>conclusiones.md</code> Reflexi\u00f3n final sobre seguridad en las aplicaciones."},{"location":"#tecnologias-utilizadas","title":"Tecnolog\u00edas utilizadas","text":"Tecnolog\u00eda Funci\u00f3n Python Lenguaje de programaci\u00f3n Visual Studio Code Entorno de Desarrollo Integrado Jupyter Notebook Entorno de desarrollo interactivo Firejail y Firetools Motor de aislamiento e interfaz gr\u00e1fica de aplicaciones <p>Joaqu\u00edn Bravo Rodr\u00edguez PPS Puesta en Producci\u00f3n Segura IES Valle del Jerte Curso 2025\u20132026</p> <p></p>"},{"location":"conclusiones/","title":"5. Reflexi\u00f3n sobre la infraestructura de seguridad de los lenguajes","text":"<p>Durante el desarrollo de esta tarea se han aplicado y analizado distintas medidas de seguridad relacionadas con el lenguaje Python y el entorno de ejecuci\u00f3n.  </p>"},{"location":"conclusiones/#seguridad-en-python","title":"Seguridad en Python","text":"<p>Python es un lenguaje que prioriza la facilidad de uso y la legibilidad, pero no incorpora de forma nativa mecanismos estrictos de aislamiento o control de recursos. Por este motivo, herramientas externas como Firejail o contenedores Docker resultan fundamentales para ejecutar aplicaciones Python de forma segura en entornos productivos.  </p>"},{"location":"conclusiones/#comparacion-con-otros-lenguajes","title":"Comparaci\u00f3n con otros lenguajes","text":"<p>Otros lenguajes, como Java o C#, incorporan m\u00e1quinas virtuales con mecanismos de seguridad m\u00e1s avanzados, como control de memoria, gesti\u00f3n de permisos o sandboxing interno. Sin embargo, incluso en estos casos, el uso de entornos controlados sigue siendo una buena pr\u00e1ctica.</p> <p>Esta tarea pone de manifiesto la importancia de combinar:  </p> <ul> <li>Buenas pr\u00e1cticas de programaci\u00f3n</li> <li>Pruebas automatizadas</li> <li>Ejecuci\u00f3n en entornos aislados</li> </ul> <p>Todo ello contribuye a una puesta en producci\u00f3n m\u00e1s segura, alineada con los principios de DevSecOps.</p>"},{"location":"documentacion/","title":"1. Documentaci\u00f3n del programa","text":"<p>En este apartado se documenta el c\u00f3digo fuente de la aplicaci\u00f3n Lavadero, cuyo objetivo es simular el funcionamiento de un lavadero de coches autom\u00e1tico con distintas opciones de lavado.</p> <p>La documentaci\u00f3n se ha realizado siguiendo buenas pr\u00e1cticas de programaci\u00f3n, con comentarios claros y explicativos directamente en el c\u00f3digo, as\u00ed como documentaci\u00f3n adicional mediante un cuaderno Jupyter.</p>"},{"location":"documentacion/#11-comentarios-en-el-codigo-fuente","title":"1.1 Comentarios en el c\u00f3digo fuente","text":"<p>Se han a\u00f1adido comentarios detallados en el archivo <code>lavadero.py</code> para explicar:</p> <ul> <li>La finalidad de la clase <code>Lavadero</code></li> <li>El significado de cada constante de fase</li> <li>El comportamiento de los m\u00e9todos principales (<code>hacerLavado</code>, <code>_cobrar</code>, <code>avanzarFase</code>)</li> <li>Las reglas de negocio impuestas por el enunciado</li> <li>Las decisiones de flujo entre fases</li> </ul> <p>Estos comentarios permiten comprender el funcionamiento interno del programa sin necesidad de ejecutar el c\u00f3digo.</p> <p>C\u00f3digo comentado en Visual Studio Code </p> <p></p> <p>Archivo lavadero.py (estado final corregido): </p> <p>lavadero.py</p>"},{"location":"documentacion/#12-documentacion-mediante-jupyter-notebook-estado-inicial-lavaderopy","title":"1.2 Documentaci\u00f3n mediante Jupyter Notebook (estado inicial lavadero.py)","text":"<p>Como apoyo adicional, se ha creado un cuaderno Jupyter Notebook donde se explica:</p> <ul> <li>Pruebas unitarias de la aplicaci\u00f3n</li> <li>Simulaci\u00f3n</li> </ul> <p>Este formato facilita una comprensi\u00f3n m\u00e1s visual y did\u00e1ctica del programa.</p> <p>Notebook visualizado en el navegador </p> <p></p> <p>Notebook del proyecto: </p> <p>notebook_lavadero.ipynb</p>"},{"location":"ejecucion/","title":"2. Ejecuci\u00f3n y depuraci\u00f3n del programa","text":"<p>En este apartado se describe el proceso de ejecuci\u00f3n y depuraci\u00f3n de la aplicaci\u00f3n utilizando el IDE Visual Studio Code, as\u00ed como los errores detectados durante la ejecuci\u00f3n inicial.</p>"},{"location":"ejecucion/#21-ejecucion-del-programa","title":"2.1 Ejecuci\u00f3n del programa","text":"<p>Durante la primera ejecuci\u00f3n, el programa no funcion\u00f3 correctamente debido a varios errores de implementaci\u00f3n.</p> <p>Error mostrado en Visual Studio Code </p> <p></p>"},{"location":"ejecucion/#22-errores-detectados-en-la-ejecucion","title":"2.2 Errores detectados en la ejecuci\u00f3n","text":""},{"location":"ejecucion/#error-1-llamada-incorrecta-a-metodos","title":"Error 1: Llamada incorrecta a m\u00e9todos","text":"<p>Causa: En el archivo <code>main_app.py</code> se realizaban llamadas a m\u00e9todos inexistentes o con nombres incorrectos (por ejemplo <code>_hacer_lavado</code> en lugar de <code>hacerLavado</code>).</p> <p>Consecuencia: El programa lanzaba excepciones al iniciar la ejecuci\u00f3n.</p> <p>Soluci\u00f3n aplicada: He unificado los nombres de los m\u00e9todos en toda la aplicaci\u00f3n, utilizando exclusivamente el m\u00e9todo p\u00fablico <code>hacerLavado()</code>.</p>"},{"location":"ejecucion/#error-2-firma-incorrecta-de-funciones","title":"Error 2: Firma incorrecta de funciones","text":"<p>Causa: La funci\u00f3n <code>ejecutarSimulacion()</code> no recib\u00eda correctamente todos los argumentos necesarios.</p> <p>Soluci\u00f3n aplicada: He modificado la funci\u00f3n para aceptar expl\u00edcitamente: - La instancia del lavadero - Las opciones de prelavado, secado y encerado</p> <p>Error corregido tras la modificaci\u00f3n </p> <p></p> <p>A pesar de todas las dem\u00e1s pruebas realizadas con marcadores, no he encontrado mas fallos en el c\u00f3digo.</p>"},{"location":"sandbox/","title":"4. Ejecuci\u00f3n de la aplicaci\u00f3n en un entorno controlado (Sandbox)","text":"<p>Para mejorar la seguridad de la aplicaci\u00f3n, se ha ejecutado en un entorno aislado utilizando Firejail junto con su interfaz gr\u00e1fica Firetools.</p>"},{"location":"sandbox/#herramientas-utilizadas","title":"Herramientas utilizadas","text":"<ul> <li>Firejail: sistema de sandboxing para Linux</li> <li>Firetools: interfaz gr\u00e1fica para gestionar aplicaciones aisladas</li> </ul> <p>Estas herramientas permiten limitar el acceso del programa al sistema operativo.</p>"},{"location":"sandbox/#ejecucion-de-la-aplicacion","title":"Ejecuci\u00f3n de la aplicaci\u00f3n","text":"<p>He lanzado la aplicaci\u00f3n <code>main_app.py</code> desde Firetools, para ejecutarla dentro de un sandbox que restringe: - Acceso al sistema de archivos - Acceso a la red - Acceso a otros procesos</p> <p>Aplicaci\u00f3n ejecut\u00e1ndose en Firetools </p> <p></p>"},{"location":"sandbox/#ventajas-del-sandboxing","title":"Ventajas del sandboxing","text":"<ul> <li>Mayor seguridad ante fallos o comportamientos inesperados</li> <li>Protecci\u00f3n del sistema anfitri\u00f3n</li> <li>Buenas pr\u00e1cticas de puesta en producci\u00f3n segura</li> </ul>"},{"location":"tests/","title":"3. Pruebas unitarias y correcci\u00f3n del c\u00f3digo de la aplicaci\u00f3n","text":"<p>En este apartado se documenta de forma detallada el proceso completo de ejecuci\u00f3n de pruebas unitarias, detecci\u00f3n de errores, an\u00e1lisis de fallos y correcci\u00f3n del c\u00f3digo de la aplicaci\u00f3n del lavadero.  </p> <p>Se hacen uso de pruebas autom\u00e1ticas como mecanismo de control de calidad y detecci\u00f3n temprana de errores antes del despliegue de una aplicaci\u00f3n.</p>"},{"location":"tests/#31-entorno-de-pruebas","title":"3.1 Entorno de pruebas","text":"<p>Las pruebas se han realizado en el siguiente entorno:</p> <ul> <li>Sistema operativo: Kali Linux</li> <li>Lenguaje: Python 3</li> <li>Framework de testing: unittest</li> <li>Entorno virtual: <code>.venv</code></li> <li>Editor / IDE: Visual Studio Code</li> <li>Terminal: Bash</li> </ul> <p>Archivo de pruebas unitarias: <code>test_lavadero_unittest.py</code></p> <p>Archivo de la aplicaci\u00f3n corregido: <code>lavadero.py</code></p>"},{"location":"tests/#32-ejecucion-de-las-pruebas-unitarias","title":"3.2 Ejecuci\u00f3n de las pruebas unitarias","text":"<p>Las pruebas se ejecutan desde terminal utilizando el descubrimiento autom\u00e1tico de tests:</p> <pre><code>PYTHONPATH=. python3 -m unittest discover -s tests -p \"*.py\" -v\n</code></pre> <p>El par\u00e1metro -v (verbose) permite visualizar el resultado detallado de cada prueba, facilitando el an\u00e1lisis de errores.</p>"},{"location":"tests/#33-tipos-de-pruebas-realizadas","title":"3.3 Tipos de pruebas realizadas","text":""},{"location":"tests/#test-1-estado-inicial","title":"Test 1 \u2013 Estado inicial","text":"<p>Comprueba que al crear un lavadero: - Fase = 0 (Inactivo) - No est\u00e1 ocupado - Ingresos = 0 \u20ac - Todas las opciones a <code>False</code> </p>"},{"location":"tests/#tests-2-y-3-reglas-de-negocio","title":"Tests 2 y 3 \u2013 Reglas de negocio","text":"<p>Verifican que: - No se puede encerar sin secado a mano (<code>ValueError</code>) - No se puede iniciar un lavado si el lavadero est\u00e1 ocupado (<code>RuntimeError</code>)  </p>"},{"location":"tests/#tests-4-a-8-calculo-de-ingresos","title":"Tests 4 a 8 \u2013 C\u00e1lculo de ingresos","text":"<p>Comprueban que los ingresos coinciden exactamente con los valores del enunciado:</p> Opci\u00f3n Ingresos Prelavado 6,50 \u20ac Secado a mano 6,00 \u20ac Secado + encerado 7,20 \u20ac Prelavado + secado 7,50 \u20ac Lavado completo 8,70 \u20ac"},{"location":"tests/#tests-9-a-14-flujo-de-fases","title":"Tests 9 a 14 \u2013 Flujo de fases","text":"<p>Comprueban que el lavadero pasa por las fases correctas seg\u00fan las opciones seleccionadas.</p> <p>Ejemplo:</p> <pre><code>[0, 1, 3, 4, 5, 6, 0]\n</code></pre>"},{"location":"tests/#34-resultados-iniciales-deteccion-de-errores","title":"3.4 Resultados iniciales: detecci\u00f3n de errores","text":"<p>En la primera ejecuci\u00f3n de las pruebas sobre el c\u00f3digo original de lavadero.py, se detectaron m\u00faltiples errores y fallos.</p> <p>Capturas de la ejecuci\u00f3n con errores</p> <p> </p> <p>Salida completa de la ejecuci\u00f3n con errores:  </p> <pre><code>\u250c\u2500\u2500(.venv)(PPSJoaquin\u327fkali)-[~/Descargas/programa/src]\n\u2514\u2500$ PYTHONPATH=. python3 -m unittest discover -s tests -p \"*.py\" -v\ntest10_flujo_prelavado (test_lavadero_unittest.TestLavadero.test10_flujo_prelavado)\nTest 10: Flujo con prelavado. ... ERROR\ntest11_flujo_secado_mano (test_lavadero_unittest.TestLavadero.test11_flujo_secado_mano)\nTest 11: Flujo con secado a mano. ... ERROR\ntest12_flujo_secado_y_encerado (test_lavadero_unittest.TestLavadero.test12_flujo_secado_y_encerado)\nTest 12: Flujo con secado a mano y encerado. ... ERROR\ntest13_flujo_prelavado_y_secado (test_lavadero_unittest.TestLavadero.test13_flujo_prelavado_y_secado)\nTest 13: Flujo con prelavado y secado a mano. ... ERROR\ntest14_flujo_completo (test_lavadero_unittest.TestLavadero.test14_flujo_completo)\nTest 14: Flujo completo. ... ERROR\ntest1_estado_inicial_inactivo (test_lavadero_unittest.TestLavadero.test1_estado_inicial_inactivo)\nTest 1: Estado inicial del lavadero. ... ok\ntest2_excepcion_encerado_sin_secado (test_lavadero_unittest.TestLavadero.test2_excepcion_encerado_sin_secado)\nTest 2: Encerado sin secado a mano lanza ValueError. ... ok\ntest3_excepcion_lavadero_ocupado (test_lavadero_unittest.TestLavadero.test3_excepcion_lavadero_ocupado)\nTest 3: No se puede iniciar un lavado si ya est\u00e1 ocupado. ... ok\ntest4_ingresos_prelavado (test_lavadero_unittest.TestLavadero.test4_ingresos_prelavado)\nTest 4: Prelavado a mano = 6.50 \u20ac ... ok\ntest5_ingresos_secado_mano (test_lavadero_unittest.TestLavadero.test5_ingresos_secado_mano)\nTest 5: Secado a mano = 6.00 \u20ac ... FAIL\ntest6_ingresos_secado_y_encerado (test_lavadero_unittest.TestLavadero.test6_ingresos_secado_y_encerado)\nTest 6: Secado a mano + encerado = 7.20 \u20ac ... ok\ntest7_ingresos_prelavado_y_secado (test_lavadero_unittest.TestLavadero.test7_ingresos_prelavado_y_secado)\nTest 7: Prelavado + secado a mano = 7.50 \u20ac ... FAIL\ntest8_ingresos_completo (test_lavadero_unittest.TestLavadero.test8_ingresos_completo)\nTest 8: Prelavado + secado a mano + encerado = 8.70 \u20ac ... ok\ntest9_flujo_sin_extras (test_lavadero_unittest.TestLavadero.test9_flujo_sin_extras)\nTest 9: Flujo sin extras. ... ERROR\n\n======================================================================\nERROR: test10_flujo_prelavado (test_lavadero_unittest.TestLavadero.test10_flujo_prelavado)\nTest 10: Flujo con prelavado.\n----------------------------------------------------------------------\nTraceback (most recent call last):\n  File \"/home/PPSJoaquin/Descargas/programa/src/tests/test_lavadero_unittest.py\", line 85, in test10_flujo_prelavado\n    fases = self.lavadero.ejecutar_y_obtener_fases(True, False, False)\n            ^^^^^^^^^^^^^^^^^^^^^^^^^^^^^^^^^^^^^^\nAttributeError: 'Lavadero' object has no attribute 'ejecutar_y_obtener_fases'\n\n======================================================================\nERROR: test11_flujo_secado_mano (test_lavadero_unittest.TestLavadero.test11_flujo_secado_mano)\nTest 11: Flujo con secado a mano.\n----------------------------------------------------------------------\nTraceback (most recent call last):\n  File \"/home/PPSJoaquin/Descargas/programa/src/tests/test_lavadero_unittest.py\", line 91, in test11_flujo_secado_mano\n    fases = self.lavadero.ejecutar_y_obtener_fases(False, True, False)\n            ^^^^^^^^^^^^^^^^^^^^^^^^^^^^^^^^^^^^^^\nAttributeError: 'Lavadero' object has no attribute 'ejecutar_y_obtener_fases'\n\n======================================================================\nERROR: test12_flujo_secado_y_encerado (test_lavadero_unittest.TestLavadero.test12_flujo_secado_y_encerado)\nTest 12: Flujo con secado a mano y encerado.\n----------------------------------------------------------------------\nTraceback (most recent call last):\n  File \"/home/PPSJoaquin/Descargas/programa/src/tests/test_lavadero_unittest.py\", line 97, in test12_flujo_secado_y_encerado\n    fases = self.lavadero.ejecutar_y_obtener_fases(False, True, True)\n            ^^^^^^^^^^^^^^^^^^^^^^^^^^^^^^^^^^^^^^\nAttributeError: 'Lavadero' object has no attribute 'ejecutar_y_obtener_fases'\n\n======================================================================\nERROR: test13_flujo_prelavado_y_secado (test_lavadero_unittest.TestLavadero.test13_flujo_prelavado_y_secado)\nTest 13: Flujo con prelavado y secado a mano.\n----------------------------------------------------------------------\nTraceback (most recent call last):\n  File \"/home/PPSJoaquin/Descargas/programa/src/tests/test_lavadero_unittest.py\", line 103, in test13_flujo_prelavado_y_secado\n    fases = self.lavadero.ejecutar_y_obtener_fases(True, True, False)\n            ^^^^^^^^^^^^^^^^^^^^^^^^^^^^^^^^^^^^^^\nAttributeError: 'Lavadero' object has no attribute 'ejecutar_y_obtener_fases'\n\n======================================================================\nERROR: test14_flujo_completo (test_lavadero_unittest.TestLavadero.test14_flujo_completo)\nTest 14: Flujo completo.\n----------------------------------------------------------------------\nTraceback (most recent call last):\n  File \"/home/PPSJoaquin/Descargas/programa/src/tests/test_lavadero_unittest.py\", line 109, in test14_flujo_completo\n    fases = self.lavadero.ejecutar_y_obtener_fases(True, True, True)\n            ^^^^^^^^^^^^^^^^^^^^^^^^^^^^^^^^^^^^^^\nAttributeError: 'Lavadero' object has no attribute 'ejecutar_y_obtener_fases'\n\n======================================================================\nERROR: test9_flujo_sin_extras (test_lavadero_unittest.TestLavadero.test9_flujo_sin_extras)\nTest 9: Flujo sin extras.\n----------------------------------------------------------------------\nTraceback (most recent call last):\n  File \"/home/PPSJoaquin/Descargas/programa/src/tests/test_lavadero_unittest.py\", line 79, in test9_flujo_sin_extras\n    fases = self.lavadero.ejecutar_y_obtener_fases(False, False, False)\n            ^^^^^^^^^^^^^^^^^^^^^^^^^^^^^^^^^^^^^^\nAttributeError: 'Lavadero' object has no attribute 'ejecutar_y_obtener_fases'\n\n======================================================================\nFAIL: test5_ingresos_secado_mano (test_lavadero_unittest.TestLavadero.test5_ingresos_secado_mano)\nTest 5: Secado a mano = 6.00 \u20ac\n----------------------------------------------------------------------\nTraceback (most recent call last):\n  File \"/home/PPSJoaquin/Descargas/programa/src/tests/test_lavadero_unittest.py\", line 53, in test5_ingresos_secado_mano\n    self.assertEqual(self.lavadero.ingresos, 6.00)\n    ~~~~~~~~~~~~~~~~^^^^^^^^^^^^^^^^^^^^^^^^^^^^^^\nAssertionError: 6.2 != 6.0\n\n======================================================================\nFAIL: test7_ingresos_prelavado_y_secado (test_lavadero_unittest.TestLavadero.test7_ingresos_prelavado_y_secado)\nTest 7: Prelavado + secado a mano = 7.50 \u20ac\n----------------------------------------------------------------------\nTraceback (most recent call last):\n  File \"/home/PPSJoaquin/Descargas/programa/src/tests/test_lavadero_unittest.py\", line 65, in test7_ingresos_prelavado_y_secado\n    self.assertEqual(self.lavadero.ingresos, 7.50)\n    ~~~~~~~~~~~~~~~~^^^^^^^^^^^^^^^^^^^^^^^^^^^^^^\nAssertionError: 7.7 != 7.5\n\n----------------------------------------------------------------------\nRan 14 tests in 0.008s\n\nFAILED (failures=2, errors=6)\n (COBRADO: 6.50 \u20ac)  (COBRADO: 6.20 \u20ac)  (COBRADO: 7.20 \u20ac)  (COBRADO: 7.70 \u20ac)  (COBRADO: 8.70 \u20ac)\n</code></pre> <p>Resumen de resultados iniciales  </p> <ul> <li>14 tests ejecutados  </li> <li>2 fallos (FAIL)  </li> <li>6 errores (ERROR)  </li> <li>6 tests correctos (OK)</li> </ul> <p>Esto indicaba claramente que la aplicaci\u00f3n no cumpl\u00eda a\u00fan los requisitos funcionales definidos por los tests.</p>"},{"location":"tests/#35-analisis-de-los-errores-de-ejecucion-fail","title":"3.5 An\u00e1lisis de los errores de ejecuci\u00f3n (FAIL)","text":""},{"location":"tests/#351-error-en-el-calculo-del-precio-del-secado-a-mano","title":"3.5.1 Error en el c\u00e1lculo del precio del secado a mano","text":"<ul> <li>Test afectado: <code>test5_ingresos_secado_mano</code> </li> <li>Mensaje de error: <code>AssertionError: 6.2 != 6.0</code> </li> <li>Descripci\u00f3n:   El test esperaba que un lavado con solo secado a mano tuviera un coste total de 6,00 \u20ac, pero el c\u00f3digo original devolv\u00eda 6,20 \u20ac.  </li> <li>Causa del error:   En el m\u00e9todo <code>_cobrar()</code> del archivo <code>lavadero.py</code>, el incremento aplicado al secado a mano era incorrecto.  </li> <li>Correcci\u00f3n aplicada:</li> </ul> <pre><code>if self.__secado_a_mano:\n    coste_lavado += 1.00\n</code></pre>"},{"location":"tests/#352-error-en-el-calculo-de-prelavado-secado-a-mano","title":"3.5.2 Error en el c\u00e1lculo de prelavado + secado a mano","text":"<ul> <li>Test afectado: <code>test7_ingresos_prelavado_y_secado</code> </li> <li>Mensaje de error: <code>AssertionError: 7.7 != 7.5</code> </li> <li>Descripci\u00f3n:   El precio calculado no coincid\u00eda con el valor esperado por el test.  </li> <li>Causa del error:   Los incrementos de precio definidos en <code>_cobrar()</code> no estaban alineados con los valores exigidos por los tests unitarios.  </li> <li>Soluci\u00f3n aplicada:   Se ajustaron los precios definitivos a:</li> </ul> Opci\u00f3n Incremento Prelavado a mano +1,50 \u20ac Secado a mano +1,00 \u20ac Encerado +1,20 \u20ac"},{"location":"tests/#36-analisis-de-los-errores-de-ejecucion-error","title":"3.6 An\u00e1lisis de los errores de ejecuci\u00f3n (ERROR)","text":""},{"location":"tests/#361-metodo-inexistente-ejecutar_y_obtener_fases","title":"3.6.1 M\u00e9todo inexistente <code>ejecutar_y_obtener_fases</code>","text":"<ul> <li>Tests afectados: test9 a test14  </li> <li>Mensaje de error: <code>AttributeError: 'Lavadero' object has no attribute 'ejecutar_y_obtener_fases'</code> </li> <li>Causa:   El m\u00e9todo <code>ejecutar_y_obtener_fases</code>:</li> <li>No estaba definido dentro de la clase <code>Lavadero</code>.  </li> <li>Llamaba a un m\u00e9todo inexistente <code>_hacer_lavado</code>.  </li> <li>Soluci\u00f3n aplicada: </li> <li>Se movi\u00f3 el m\u00e9todo dentro de la clase <code>Lavadero</code>.  </li> <li>Se corrigi\u00f3 la llamada a <code>hacerLavado()</code>.</li> </ul>"},{"location":"tests/#362-error-logico-en-el-flujo-de-fases-avanzarfase","title":"3.6.2 Error l\u00f3gico en el flujo de fases (<code>avanzarFase</code>)","text":"<ul> <li>Problemas detectados: </li> <li>El flujo desde la fase de rodillos era incorrecto.  </li> <li>El secado a mano no se ejecutaba correctamente.  </li> <li>El encerado no se alcanzaba aunque estuviera seleccionado.  </li> <li> <p>El lavado terminaba antes de tiempo.  </p> </li> <li> <p>Correcciones aplicadas: </p> </li> </ul> <p>Desde <code>FASE_RODILLOS</code>:</p> <pre><code>Si secado_a_mano \u2192 FASE_SECADO_MANO\nSi no \u2192 FASE_SECADO_AUTOMATICO\n</code></pre> <p>Desde <code>FASE_SECADO_MANO</code>:</p> <pre><code>Si encerado \u2192 FASE_ENCERADO\nSi no \u2192 finalizar lavado\n</code></pre>"},{"location":"tests/#37-resultados-finales-tras-las-correcciones","title":"3.7 Resultados finales tras las correcciones","text":"<p>Tras aplicar todas las correcciones,  los tests se ejecutan de manera exitosa.</p> <p>Captura de tests superados correctamente</p> <p></p> <p>Salida completa de la ejecuci\u00f3n corregida:</p> <pre><code>\u250c\u2500\u2500(.venv)(PPSJoaquin\u327fkali)-[~/Descargas/programa/src]\n\u2514\u2500$ PYTHONPATH=. python3 -m unittest discover -s tests -p \"*.py\" -v\ntest10_flujo_prelavado (test_lavadero_unittest.TestLavadero.test10_flujo_prelavado)\nTest 10: Flujo con prelavado. ... ok\ntest11_flujo_secado_mano (test_lavadero_unittest.TestLavadero.test11_flujo_secado_mano)\nTest 11: Flujo con secado a mano. ... ok\ntest12_flujo_secado_y_encerado (test_lavadero_unittest.TestLavadero.test12_flujo_secado_y_encerado)\nTest 12: Flujo con secado a mano y encerado. ... ok\ntest13_flujo_prelavado_y_secado (test_lavadero_unittest.TestLavadero.test13_flujo_prelavado_y_secado)\nTest 13: Flujo con prelavado y secado a mano. ... ok\ntest14_flujo_completo (test_lavadero_unittest.TestLavadero.test14_flujo_completo)\nTest 14: Flujo completo. ... ok\ntest1_estado_inicial_inactivo (test_lavadero_unittest.TestLavadero.test1_estado_inicial_inactivo)\nTest 1: Estado inicial del lavadero. ... ok\ntest2_excepcion_encerado_sin_secado (test_lavadero_unittest.TestLavadero.test2_excepcion_encerado_sin_secado)\nTest 2: Encerado sin secado a mano lanza ValueError. ... ok\ntest3_excepcion_lavadero_ocupado (test_lavadero_unittest.TestLavadero.test3_excepcion_lavadero_ocupado)\nTest 3: No se puede iniciar un lavado si ya est\u00e1 ocupado. ... ok\ntest4_ingresos_prelavado (test_lavadero_unittest.TestLavadero.test4_ingresos_prelavado)\nTest 4: Prelavado a mano = 6.50 \u20ac ... ok\ntest5_ingresos_secado_mano (test_lavadero_unittest.TestLavadero.test5_ingresos_secado_mano)\nTest 5: Secado a mano = 6.00 \u20ac ... ok\ntest6_ingresos_secado_y_encerado (test_lavadero_unittest.TestLavadero.test6_ingresos_secado_y_encerado)\nTest 6: Secado a mano + encerado = 7.20 \u20ac ... ok\ntest7_ingresos_prelavado_y_secado (test_lavadero_unittest.TestLavadero.test7_ingresos_prelavado_y_secado)\nTest 7: Prelavado + secado a mano = 7.50 \u20ac ... ok\ntest8_ingresos_completo (test_lavadero_unittest.TestLavadero.test8_ingresos_completo)\nTest 8: Prelavado + secado a mano + encerado = 8.70 \u20ac ... ok\ntest9_flujo_sin_extras (test_lavadero_unittest.TestLavadero.test9_flujo_sin_extras)\nTest 9: Flujo sin extras. ... ok\n\n----------------------------------------------------------------------\nRan 14 tests in 0.002s\n\nOK\n (COBRADO: 6.50 \u20ac)  (COBRADO: 6.00 \u20ac)  (COBRADO: 7.20 \u20ac)  (COBRADO: 7.50 \u20ac)  (COBRADO: 8.70 \u20ac)  (COBRADO: 6.50 \u20ac)  (COBRADO: 6.00 \u20ac)  (COBRADO: 7.20 \u20ac)  (COBRADO: 7.50 \u20ac)  (COBRADO: 8.70 \u20ac)  (COBRADO: 5.00 \u20ac)\n</code></pre>"}]}